<?xml version="1.0" encoding="UTF-8"?>
<!-- Generated by org.testng.reporters.JUnitReportReporter -->
<testsuite hostname="raju" failures="0" tests="1" name="ApiTest.CRUDoperation" time="4.857" errors="0" timestamp="2023-09-27T23:43:30 IST" skipped="0">
  <testcase classname="ApiTest.CRUDoperation" name="test" time="4.857"/>
  <system-out/>
</testsuite> <!-- ApiTest.CRUDoperation -->
